2024-11-05 11:30:18,283 - __main__ - INFO - Starting scraping for Amsterdam
2024-11-05 11:30:18,283 - src.scrapers.master_scraper - INFO - Starting comprehensive scraping for Amsterdam
2024-11-05 11:30:18,283 - src.scrapers.master_scraper - INFO - Starting Google scraping...
2024-11-05 11:30:18,283 - src.scrapers.master_scraper - ERROR - Error in Google scraping: 'ComprehensiveGemeenteScraper' object has no attribute 'search_google'
2024-11-05 11:30:18,283 - src.scrapers.master_scraper - INFO - Starting document scraping...
2024-11-05 11:30:22,263 - src.scrapers.master_scraper - INFO - Scraping Ruimtelijke Plannen...
2024-11-05 11:30:22,264 - src.scrapers.master_scraper - INFO - Scraping official publications...
2024-11-05 11:30:22,264 - src.scrapers.master_scraper - INFO - Scraping real estate listings...
2024-11-05 11:30:22,264 - __main__ - INFO - Processing results for Amsterdam
2024-11-05 11:30:22,264 - __main__ - ERROR - Error processing Amsterdam: [Errno 2] No such file or directory: 'data/scraped/Amsterdam'
2024-11-05 11:33:38,061 - __main__ - INFO - Starting scraping for Amsterdam
2024-11-05 11:33:38,061 - src.scrapers.master_scraper - INFO - Starting comprehensive scraping for Amsterdam
2024-11-05 11:33:38,061 - src.scrapers.master_scraper - INFO - Starting comprehensive search...
2024-11-05 11:33:38,061 - src.scrapers.comprehensive_scraper - INFO - Checking https://www.amsterdam.nl
2024-11-05 11:33:40,296 - src.scrapers.comprehensive_scraper - INFO - Checking https://www.ruimtelijkeplannen.nl/viewer/view?gemeente=Amsterdam
2024-11-05 11:33:42,442 - src.scrapers.comprehensive_scraper - INFO - Checking https://www.vastgoedmarkt.nl
2024-11-05 11:33:45,579 - src.scrapers.comprehensive_scraper - INFO - Checking https://www.gebiedsontwikkeling.nu
2024-11-05 11:33:47,853 - src.scrapers.master_scraper - INFO - Saved 31 search_results to data/scraped/Amsterdam/search_results_20241105_113347.csv
2024-11-05 11:33:47,853 - src.scrapers.master_scraper - INFO - Starting document scraping...
2024-11-05 11:33:48,445 - src.scrapers.master_scraper - INFO - Scraping Ruimtelijke Plannen...
2024-11-05 11:33:48,445 - src.scrapers.master_scraper - INFO - Scraping official publications...
2024-11-05 11:33:48,445 - __main__ - INFO - Processing results for Amsterdam
2024-11-05 11:33:48,452 - __main__ - INFO - Scraping complete for Amsterdam
2024-11-05 11:33:48,452 - __main__ - INFO - Found 0 potential opportunities
2024-11-05 11:35:48,226 - __main__ - INFO - Starting scraping for Amsterdam
2024-11-05 11:35:48,227 - src.scrapers.master_scraper - INFO - Starting comprehensive scraping for Amsterdam
2024-11-05 11:35:48,227 - src.scrapers.master_scraper - INFO - Starting comprehensive search...
2024-11-05 11:35:48,227 - src.scrapers.comprehensive_scraper - INFO - Checking https://www.amsterdam.nl
2024-11-05 11:35:50,441 - src.scrapers.comprehensive_scraper - INFO - Checking https://www.ruimtelijkeplannen.nl/viewer/view?gemeente=Amsterdam
2024-11-05 11:35:52,595 - src.scrapers.comprehensive_scraper - INFO - Checking https://www.vastgoedmarkt.nl
2024-11-05 11:35:55,597 - src.scrapers.comprehensive_scraper - INFO - Checking https://www.gebiedsontwikkeling.nu
2024-11-05 11:35:57,819 - src.scrapers.master_scraper - INFO - Saved 31 search_results to data/scraped/Amsterdam/search_results_20241105_113557.csv
2024-11-05 11:35:57,819 - src.scrapers.master_scraper - INFO - Starting document scraping...
2024-11-05 11:35:58,626 - src.scrapers.master_scraper - INFO - Scraping Ruimtelijke Plannen...
2024-11-05 11:35:58,626 - src.scrapers.master_scraper - INFO - Scraping official publications...
2024-11-05 11:35:58,626 - __main__ - INFO - Processing results for Amsterdam
2024-11-05 11:35:58,634 - __main__ - INFO - Scraping complete for Amsterdam
2024-11-05 11:35:58,634 - __main__ - INFO - Found 0 potential opportunities
